2026-01-18 11:02:51,004 - INFO - Logging to /home/skhan61/Desktop/trossen-arm-data-collection/logs/automated_hand_eye_calibration.log
2026-01-18 11:02:51,005 - INFO - Camera intrinsics loaded from /home/skhan61/Desktop/trossen-arm-data-collection/data/camera_calibration_data/camera_intrinsics.json
2026-01-18 11:02:51,005 - INFO - ============================================================
2026-01-18 11:02:51,005 - INFO - Automated Hand-Eye Calibration - Approach 1
2026-01-18 11:02:51,005 - INFO - ============================================================
2026-01-18 11:02:51,005 - INFO - 
2026-01-18 11:02:51,005 - INFO - STEP 1: Manual Initial Pose
2026-01-18 11:02:51,005 - INFO -   - Move robot BY HAND so camera sees chessboard
2026-01-18 11:02:51,006 - INFO -   - Press 's' when board is detected
2026-01-18 11:02:51,006 - INFO -   - Script will find chessboard location
2026-01-18 11:02:51,006 - INFO - 
2026-01-18 11:02:51,006 - INFO - STEP 2: Automatic Collection
2026-01-18 11:02:51,006 - INFO -   - Script plans 15 diverse poses around chessboard
2026-01-18 11:02:51,006 - INFO -   - Robot moves automatically to each pose
2026-01-18 11:02:51,006 - INFO -   - Data captured automatically
2026-01-18 11:02:51,006 - INFO -   - No more manual movement needed!
2026-01-18 11:02:51,006 - INFO - 
2026-01-18 11:02:51,006 - INFO - Chessboard: 7x3 internal corners, 25mm squares
2026-01-18 11:02:51,006 - INFO - ============================================================
2026-01-18 11:02:51,006 - INFO - 
2026-01-18 11:02:51,006 - INFO - Connecting to robot at 192.168.1.99...
2026-01-18 11:02:51,007 - INFO - Connecting to the arm controller's TCP server at 192.168.1.99:50001
2026-01-18 11:02:51,007 - INFO - Connecting to the arm controller's UDP server at 192.168.1.99:50000
2026-01-18 11:02:51,009 - INFO - Driver version: 'v1.9.0'
2026-01-18 11:02:51,009 - INFO - Controller firmware version: 'v1.9.1'
2026-01-18 11:02:51,015 - INFO - Robot connected
2026-01-18 11:02:51,015 - INFO - Moving to home position...
2026-01-18 11:02:57,516 - INFO - At home position
2026-01-18 11:02:57,516 - INFO - 
2026-01-18 11:02:57,517 - INFO - ============================================================
2026-01-18 11:02:57,517 - INFO - STEP 1: Finding Chessboard Location
2026-01-18 11:02:57,517 - INFO - ============================================================
2026-01-18 11:02:57,517 - INFO - 
2026-01-18 11:02:57,517 - INFO - Enabling gravity compensation...
2026-01-18 11:03:00,019 - INFO - Robot ready - move it BY HAND to see the chessboard
2026-01-18 11:03:00,019 - INFO - Press 's' when board is detected to lock position
2026-01-18 11:03:03,140 - INFO - Robot locked - board detected
2026-01-18 11:03:05,432 - INFO - Saving reference joint configuration...
2026-01-18 11:03:05,432 - INFO - Reference joint angles (degrees): [np.float64(-70.8929786032852), np.float64(22.239435739472725), np.float64(57.34167838430481), np.float64(-90.01780197745522), np.float64(7.420431066196804), np.float64(-7.879426608610831), np.float64(0.00023276004030934079)]
2026-01-18 11:03:05,432 - INFO - This configuration sees the chessboard - will generate variations around it
2026-01-18 11:03:05,432 - INFO - 
2026-01-18 11:03:05,433 - INFO - ============================================================
2026-01-18 11:03:05,433 - INFO - STEP 2: Generating Joint Space Variations
2026-01-18 11:03:05,433 - INFO - ============================================================
2026-01-18 11:03:05,433 - INFO - 
2026-01-18 11:03:05,433 - INFO - Generating 15 joint configurations around reference...
2026-01-18 11:03:05,433 - INFO - Variations: ±15° per joint (±0.5° for gripper)
2026-01-18 11:03:05,433 - INFO - Generated 15 joint configurations
2026-01-18 11:03:05,434 - INFO - Filtered to 13 valid configurations
2026-01-18 11:03:05,434 - INFO - 
2026-01-18 11:03:05,434 - INFO - ============================================================
2026-01-18 11:03:05,434 - INFO - STEP 3: Automatic Data Collection
2026-01-18 11:03:05,434 - INFO - ============================================================
2026-01-18 11:03:05,434 - INFO - 
2026-01-18 11:03:05,434 - INFO - Robot will now move through 13 joint configurations automatically
2026-01-18 11:03:05,434 - INFO - Moving in JOINT SPACE - no singularity issues!
2026-01-18 11:03:05,434 - INFO - This will take a few minutes - do not interfere!
2026-01-18 11:03:05,434 - INFO - 
2026-01-18 11:03:05,434 - INFO - Moving to configuration 1/13...
2026-01-18 11:03:12,456 - INFO - ✓ Pose 1 captured successfully
2026-01-18 11:03:12,456 - INFO -   Total poses collected: 1
2026-01-18 11:03:12,456 - INFO - Saved calibration data to /home/skhan61/Desktop/trossen-arm-data-collection/data/hand_eye_calibration_data/hand_eye_data.json
2026-01-18 11:03:12,456 - INFO - Moving to configuration 2/13...
2026-01-18 11:03:19,488 - WARNING - Pose 2 too similar to previous pose (rotation < 5°), skipping
2026-01-18 11:03:19,488 - INFO - Moving to configuration 3/13...
2026-01-18 11:03:26,584 - WARNING - Pose 3 too similar to previous pose (rotation < 5°), skipping
2026-01-18 11:03:26,585 - INFO - Moving to configuration 4/13...
2026-01-18 11:03:33,591 - WARNING - Pose 4 too similar to previous pose (rotation < 5°), skipping
2026-01-18 11:03:33,591 - INFO - Moving to configuration 5/13...
2026-01-18 11:03:40,733 - INFO - ✓ Pose 5 captured successfully
2026-01-18 11:03:40,734 - INFO -   Total poses collected: 2
2026-01-18 11:03:40,734 - INFO - Saved calibration data to /home/skhan61/Desktop/trossen-arm-data-collection/data/hand_eye_calibration_data/hand_eye_data.json
2026-01-18 11:03:40,734 - INFO - Moving to configuration 6/13...
2026-01-18 11:03:47,762 - INFO - ✓ Pose 6 captured successfully
2026-01-18 11:03:47,762 - INFO -   Total poses collected: 3
2026-01-18 11:03:47,763 - INFO - Saved calibration data to /home/skhan61/Desktop/trossen-arm-data-collection/data/hand_eye_calibration_data/hand_eye_data.json
2026-01-18 11:03:47,763 - INFO - Moving to configuration 7/13...
2026-01-18 11:03:54,896 - WARNING - Chessboard not detected at pose 7, skipping
2026-01-18 11:03:54,897 - INFO - Moving to configuration 8/13...
2026-01-18 11:04:02,038 - WARNING - Chessboard not detected at pose 8, skipping
2026-01-18 11:04:02,039 - INFO - Moving to configuration 9/13...
2026-01-18 11:04:09,061 - INFO - ✓ Pose 9 captured successfully
2026-01-18 11:04:09,061 - INFO -   Total poses collected: 4
2026-01-18 11:04:09,062 - INFO - Saved calibration data to /home/skhan61/Desktop/trossen-arm-data-collection/data/hand_eye_calibration_data/hand_eye_data.json
2026-01-18 11:04:09,062 - INFO - Moving to configuration 10/13...
2026-01-18 11:04:16,083 - INFO - ✓ Pose 10 captured successfully
2026-01-18 11:04:16,084 - INFO -   Total poses collected: 5
2026-01-18 11:04:16,084 - INFO - Saved calibration data to /home/skhan61/Desktop/trossen-arm-data-collection/data/hand_eye_calibration_data/hand_eye_data.json
2026-01-18 11:04:16,084 - INFO - Moving to configuration 11/13...
2026-01-18 11:04:23,211 - WARNING - Chessboard not detected at pose 11, skipping
2026-01-18 11:04:23,211 - INFO - Moving to configuration 12/13...
2026-01-18 11:04:30,331 - WARNING - Chessboard not detected at pose 12, skipping
2026-01-18 11:04:30,331 - INFO - Moving to configuration 13/13...
2026-01-18 11:04:37,469 - WARNING - Chessboard not detected at pose 13, skipping
2026-01-18 11:04:37,636 - ERROR - Only collected 5 poses, need at least 10
2026-01-18 11:04:37,637 - INFO - Returning to home position...
2026-01-18 11:04:44,140 - INFO - Done
