2026-01-18 09:46:44,370 - INFO - ================================================================================
2026-01-18 09:46:44,370 - INFO - SEMI-AUTOMATIC CALIBRATION WITH ROTATION DIVERSITY
2026-01-18 09:46:44,371 - INFO - ================================================================================
2026-01-18 09:46:44,371 - INFO - 
2026-01-18 09:46:44,371 - INFO - Initializing RealSense camera...
2026-01-18 09:46:44,508 - INFO - Camera initialized
2026-01-18 09:46:44,508 - INFO - 
2026-01-18 09:46:44,508 - INFO - Loaded camera intrinsics
2026-01-18 09:46:44,508 - INFO - 
2026-01-18 09:46:44,508 - INFO - Connecting to robot at 192.168.1.99...
2026-01-18 09:46:44,509 - INFO - Connecting to the arm controller's TCP server at 192.168.1.99:50001
2026-01-18 09:46:44,509 - INFO - Connecting to the arm controller's UDP server at 192.168.1.99:50000
2026-01-18 09:46:44,511 - INFO - Driver version: 'v1.9.0'
2026-01-18 09:46:44,511 - INFO - Controller firmware version: 'v1.9.1'
2026-01-18 09:46:44,517 - INFO - Robot connected
2026-01-18 09:46:44,517 - INFO - 
2026-01-18 09:46:44,517 - INFO - ================================================================================
2026-01-18 09:46:44,517 - INFO - DATA COLLECTION WITH DIVERSITY CHECKING
2026-01-18 09:46:44,517 - INFO - ================================================================================
2026-01-18 09:46:44,518 - INFO - 
2026-01-18 09:46:44,518 - INFO - Instructions:
2026-01-18 09:46:44,518 - INFO - 1. Place chessboard on table and keep it FIXED
2026-01-18 09:46:44,518 - INFO - 2. I will guide you to move robot to diverse positions
2026-01-18 09:46:44,518 - INFO - 3. Each position will be checked for rotation diversity
2026-01-18 09:46:44,518 - INFO - 4. Only poses with >20° rotation difference will be accepted
2026-01-18 09:46:44,518 - INFO - 
2026-01-18 09:46:44,518 - INFO - Target: 20 diverse poses
2026-01-18 09:46:44,518 - INFO - 
2026-01-18 09:46:47,038 - INFO - 
2026-01-18 09:46:47,038 - INFO - ================================================================================
2026-01-18 09:46:47,038 - INFO - POSE 1/20 (Attempt 1)
2026-01-18 09:46:47,038 - INFO - ================================================================================
2026-01-18 09:46:47,038 - INFO - Suggested: Home/center position - camera looking straight down
2026-01-18 09:46:47,039 - INFO - Hint: neutral orientation
2026-01-18 09:46:47,039 - INFO - 
2026-01-18 09:46:47,039 - INFO - Move robot manually to a new position where:
2026-01-18 09:46:47,039 - INFO -   - Camera can see the entire chessboard
2026-01-18 09:46:47,039 - INFO -   - Orientation is DIFFERENT from previous poses
2026-01-18 09:46:47,039 - INFO -   - Try to rotate around different axes than before
2026-01-18 09:46:47,039 - INFO - 
2026-01-18 09:49:10,555 - INFO - 
2026-01-18 09:49:10,556 - INFO - Interrupted by user
