2026-01-18 10:13:37,958 - INFO - Logging to /home/skhan61/Desktop/trossen-arm-data-collection/logs/hand_eye_calibration.log
2026-01-18 10:13:37,958 - INFO - Camera intrinsics loaded from /home/skhan61/Desktop/trossen-arm-data-collection/data/camera_calibration_data/camera_intrinsics.json
2026-01-18 10:13:37,958 - INFO -   Focal length: fx=243.76, fy=239.90
2026-01-18 10:13:37,958 - INFO -   Principal point: cx=284.54, cy=230.42
2026-01-18 10:13:37,959 - INFO -   Reprojection error: 0.1979 pixels
2026-01-18 10:13:37,959 - INFO - ============================================================
2026-01-18 10:13:37,959 - INFO - Manual Hand-Eye Calibration
2026-01-18 10:13:37,959 - INFO - ============================================================
2026-01-18 10:13:37,959 - INFO - 
2026-01-18 10:13:37,959 - INFO - Instructions:
2026-01-18 10:13:37,959 - INFO - 1. Move robot BY HAND to different positions to see chessboard
2026-01-18 10:13:37,959 - INFO - 2. Press 's' when board is detected to save that pose
2026-01-18 10:13:37,960 - INFO - 3. Collect 15+ diverse poses (different positions and angles)
2026-01-18 10:13:37,960 - INFO - 4. Press 'q' when done to compute calibration
2026-01-18 10:13:37,960 - INFO - 
2026-01-18 10:13:37,960 - INFO - Chessboard: 7x3 internal corners, 25mm squares
2026-01-18 10:13:37,960 - INFO - 
2026-01-18 10:13:37,960 - INFO - Tips:
2026-01-18 10:13:37,960 - INFO - - Move board to different distances from camera
2026-01-18 10:13:37,960 - INFO - - Tilt board at different angles
2026-01-18 10:13:37,961 - INFO - - Ensure poses are diverse (≥5cm apart, ≥15° rotation)
2026-01-18 10:13:37,961 - INFO - 
2026-01-18 10:13:37,961 - INFO - Controls:
2026-01-18 10:13:37,961 - INFO -   's' - Save current pose
2026-01-18 10:13:37,961 - INFO -   'q' - Finish and compute calibration
2026-01-18 10:13:37,961 - INFO -   ESC - Cancel
2026-01-18 10:13:37,961 - INFO - ============================================================
2026-01-18 10:13:37,962 - INFO - 
2026-01-18 10:13:37,962 - INFO - Connecting to robot at 192.168.1.99...
2026-01-18 10:13:37,963 - INFO - Connecting to the arm controller's TCP server at 192.168.1.99:50001
2026-01-18 10:13:37,967 - INFO - Connecting to the arm controller's UDP server at 192.168.1.99:50000
2026-01-18 10:13:37,968 - INFO - Driver version: 'v1.9.0'
2026-01-18 10:13:37,968 - INFO - Controller firmware version: 'v1.9.1'
2026-01-18 10:13:37,976 - INFO - Robot connected
2026-01-18 10:13:37,976 - INFO - Initial (home) position: [0.0, 0.0, 0.0, 0.0, 0.0, 0.0, 0.0]
2026-01-18 10:13:37,976 - INFO - Moving to home position...
2026-01-18 10:13:44,480 - INFO - At home position
2026-01-18 10:13:44,480 - INFO - Enabling gravity compensation mode...
2026-01-18 10:13:46,982 - INFO - Robot ready - move it by hand to see the chessboard
2026-01-18 10:13:47,089 - INFO - No existing data found, starting fresh collection
2026-01-18 10:13:47,232 - INFO - Starting manual collection...
2026-01-18 10:13:47,233 - INFO - Move robot by hand, press 's' to save poses, 'q' when done
2026-01-18 10:13:54,227 - INFO - Saved calibration data to /home/skhan61/Desktop/trossen-arm-data-collection/data/hand_eye_calibration_data/hand_eye_data.json
2026-01-18 10:13:54,243 - INFO - ✓ Pose #1 saved
2026-01-18 10:13:54,243 - INFO -   Robot position (x,y,z): [0.10468926810558463, -0.07920221410561502, 0.16978902550523062]
2026-01-18 10:13:54,243 - INFO -   Robot orientation: [0.33168285751711585, 0.6933890292862809, -0.6572635047199575]
2026-01-18 10:13:54,243 - INFO -   Image: hand_eye_pose_001.png
2026-01-18 10:13:54,243 - INFO - Returning robot to initial position...
2026-01-18 10:14:06,747 - INFO - Robot returned to initial position successfully
2026-01-18 10:14:06,747 - INFO - Re-enabling gravity compensation...
2026-01-18 10:14:08,749 - INFO - Robot ready - move to next position
2026-01-18 10:14:16,473 - INFO - Saved calibration data to /home/skhan61/Desktop/trossen-arm-data-collection/data/hand_eye_calibration_data/hand_eye_data.json
2026-01-18 10:14:16,492 - INFO - ✓ Pose #2 saved
2026-01-18 10:14:16,492 - INFO -   Robot position (x,y,z): [0.15631437171386098, -0.10134959489413496, 0.21266419935044087]
2026-01-18 10:14:16,493 - INFO -   Robot orientation: [-1.2996493149971766, 0.6031582446738253, -0.31762230377463907]
2026-01-18 10:14:16,493 - INFO -   Image: hand_eye_pose_002.png
2026-01-18 10:14:16,493 - INFO - Returning robot to initial position...
2026-01-18 10:14:28,995 - INFO - Robot returned to initial position successfully
2026-01-18 10:14:28,995 - INFO - Re-enabling gravity compensation...
2026-01-18 10:14:30,997 - INFO - Robot ready - move to next position
2026-01-18 10:14:47,825 - WARNING - Pose not diverse enough - rejected
2026-01-18 10:14:47,825 - WARNING -   Position: [0.14760298001050093, -0.07737834657360242, 0.16983487004168474]
2026-01-18 10:14:47,825 - WARNING -   Orientation: [1.1167942776185908, 0.12811033587548515, -0.6614558375384935]
2026-01-18 10:14:47,825 - WARNING -   Move robot to a more different position/angle
2026-01-18 10:14:47,825 - INFO - Returning robot to initial position...
2026-01-18 10:15:00,328 - INFO - Robot returned to initial position successfully
2026-01-18 10:15:00,328 - INFO - Re-enabling gravity compensation...
2026-01-18 10:15:02,330 - INFO - Robot ready - move to a more different position
2026-01-18 10:15:46,733 - WARNING - Pose not diverse enough - rejected
2026-01-18 10:15:46,733 - WARNING -   Position: [0.11221855353730303, -0.10803936069802807, 0.2324689250117722]
2026-01-18 10:15:46,733 - WARNING -   Orientation: [-2.796782347245339, 1.0098100526289935, 0.9982329739533711]
2026-01-18 10:15:46,733 - WARNING -   Move robot to a more different position/angle
2026-01-18 10:15:46,733 - INFO - Returning robot to initial position...
2026-01-18 10:15:59,236 - INFO - Robot returned to initial position successfully
2026-01-18 10:15:59,236 - INFO - Re-enabling gravity compensation...
2026-01-18 10:16:01,239 - INFO - Robot ready - move to a more different position
2026-01-18 10:16:32,656 - INFO - Saved calibration data to /home/skhan61/Desktop/trossen-arm-data-collection/data/hand_eye_calibration_data/hand_eye_data.json
2026-01-18 10:16:32,671 - INFO - ✓ Pose #3 saved
2026-01-18 10:16:32,671 - INFO -   Robot position (x,y,z): [0.10787100485249637, 1.8672183102773354e-05, 0.25137574867559115]
2026-01-18 10:16:32,671 - INFO -   Robot orientation: [-1.7761203384137114, 0.15757497435938686, 0.45070941149660615]
2026-01-18 10:16:32,671 - INFO -   Image: hand_eye_pose_003.png
2026-01-18 10:16:32,671 - INFO - Returning robot to initial position...
2026-01-18 10:16:45,176 - INFO - Robot returned to initial position successfully
2026-01-18 10:16:45,176 - INFO - Re-enabling gravity compensation...
2026-01-18 10:16:47,178 - INFO - Robot ready - move to next position
2026-01-18 10:16:54,986 - WARNING - Pose not diverse enough - rejected
2026-01-18 10:16:54,986 - WARNING -   Position: [0.14613444558471952, -0.13955864338010268, 0.08875205410271995]
2026-01-18 10:16:54,986 - WARNING -   Orientation: [0.14532208721496154, 0.591775803952482, -0.7086993623005989]
2026-01-18 10:16:54,986 - WARNING -   Move robot to a more different position/angle
2026-01-18 10:16:54,986 - INFO - Returning robot to initial position...
2026-01-18 10:17:07,488 - INFO - Robot returned to initial position successfully
2026-01-18 10:17:07,488 - INFO - Re-enabling gravity compensation...
2026-01-18 10:17:09,491 - INFO - Robot ready - move to a more different position
2026-01-18 10:18:34,584 - CRITICAL - Error occurred: Controller's CAN interface failed to receive a message
Latest log on the arm controller since powered on: [31m[ERROR] [Motor SDK] Failed to read feedback[0m
[31m[ERROR] [Motor Interface] Failed to get feedback for J4310_24V motor 5.[0m
[31m[ERROR] [Motor SDK] Failed to read feedback[0m
[31m[ERROR] [Motor Interface] Failed to get feedback for J4310_24V motor 6.[0m

2026-01-18 10:18:34,585 - ERROR - Exception occurred in daemon, expecting rethrow
2026-01-18 10:18:59,778 - INFO - ============================================================
2026-01-18 10:18:59,778 - INFO - Finalizing - returning robot to home position
2026-01-18 10:18:59,778 - INFO - ============================================================
2026-01-18 10:18:59,778 - INFO - Returning robot to initial position...
2026-01-18 10:18:59,778 - ERROR - Failed to return to initial position: RuntimeError: Error occurred: Controller's CAN interface failed to receive a message
Latest log on the arm controller since powered on: [31m[ERROR] [Motor SDK] Failed to read feedback[0m
[31m[ERROR] [Motor Interface] Failed to get feedback for J4310_24V motor 5.[0m
[31m[ERROR] [Motor SDK] Failed to read feedback[0m
[31m[ERROR] [Motor Interface] Failed to get feedback for J4310_24V motor 6.[0m

2026-01-18 10:18:59,778 - ERROR - Attempting retry with slower movement...
