2026-01-18 09:06:26,838 - INFO - ================================================================================
2026-01-18 09:06:26,838 - INFO - ROBOT AUTOMATIC RANDOM MOVEMENT
2026-01-18 09:06:26,838 - INFO - ================================================================================
2026-01-18 09:06:26,838 - INFO - 
2026-01-18 09:06:26,838 - INFO - Connecting to robot at 192.168.1.99...
2026-01-18 09:06:26,839 - INFO - Connecting to the arm controller's TCP server at 192.168.1.99:50001
2026-01-18 09:06:26,839 - INFO - Connecting to the arm controller's UDP server at 192.168.1.99:50000
2026-01-18 09:06:26,841 - INFO - Driver version: 'v1.9.0'
2026-01-18 09:06:26,842 - INFO - Controller firmware version: 'v1.9.1'
2026-01-18 09:06:26,847 - INFO - Robot connected
2026-01-18 09:06:26,847 - INFO - 
2026-01-18 09:06:26,847 - INFO - Clearing errors and waiting 2 seconds...
2026-01-18 09:06:28,848 - INFO - Moving to home position...
2026-01-18 09:06:45,350 - INFO - At home position
2026-01-18 09:06:45,351 - INFO - 
2026-01-18 09:06:45,351 - INFO - Moving to random position 1/5...
2026-01-18 09:06:45,351 - INFO -   Joint positions: ['-0.311', '0.638', '-0.641', '-0.011', '0.059', '0.769', '0.001']
2026-01-18 09:06:55,852 - INFO - Position 1: X=0.238, Y=-0.088, Z=0.028
2026-01-18 09:06:55,852 - INFO - 
2026-01-18 09:06:55,852 - INFO - Moving to random position 2/5...
2026-01-18 09:06:55,852 - INFO -   Joint positions: ['-0.596', '0.421', '0.446', '-0.725', '-0.182', '0.132', '-0.003']
2026-01-18 09:07:06,353 - INFO - Position 2: X=0.195, Y=-0.092, Z=0.117
2026-01-18 09:07:06,353 - INFO - 
2026-01-18 09:07:06,353 - INFO - Moving to random position 3/5...
2026-01-18 09:07:06,353 - INFO -   Joint positions: ['-0.671', '0.127', '-0.698', '0.400', '-0.501', '0.418', '0.008']
2026-01-18 09:07:16,854 - INFO - Position 3: X=0.236, Y=-0.073, Z=0.228
2026-01-18 09:07:16,854 - INFO - 
2026-01-18 09:07:16,854 - INFO - Moving to random position 4/5...
2026-01-18 09:07:16,855 - INFO -   Joint positions: ['-0.357', '-0.377', '-0.259', '-0.512', '0.557', '0.689', '0.001']
2026-01-18 09:07:27,356 - INFO - Position 4: X=0.176, Y=-0.170, Z=0.157
2026-01-18 09:07:27,356 - INFO - 
2026-01-18 09:07:27,356 - INFO - Moving to random position 5/5...
2026-01-18 09:07:27,356 - INFO -   Joint positions: ['-0.588', '0.160', '-0.508', '0.435', '0.218', '-0.414', '-0.003']
2026-01-18 09:07:37,857 - INFO - Position 5: X=0.186, Y=-0.172, Z=0.233
2026-01-18 09:07:37,857 - INFO - 
2026-01-18 09:07:37,857 - INFO - Returning to home position...
2026-01-18 09:07:50,362 - INFO - Robot returned to home and disconnected
2026-01-18 09:07:50,362 - INFO - ================================================================================
