2026-01-17 19:07:23,183 - INFO - ================================================================================
2026-01-17 19:07:23,183 - INFO - HAND-EYE CALIBRATION PHYSICAL VERIFICATION
2026-01-17 19:07:23,183 - INFO - ================================================================================
2026-01-17 19:07:23,184 - INFO - 
2026-01-17 19:07:23,184 - INFO - Loaded camera intrinsics
2026-01-17 19:07:23,184 - INFO -   Camera matrix: [243.76132 239.9049    1.     ]
2026-01-17 19:07:23,184 - INFO -   Reprojection error: 0.1979 pixels
2026-01-17 19:07:23,185 - INFO - 
2026-01-17 19:07:23,185 - INFO - Loaded hand-eye calibration
2026-01-17 19:07:23,185 - INFO -   Camera offset from gripper: [-0.18471332 -0.01076944 -0.0072815 ] m
2026-01-17 19:07:23,185 - INFO - 
2026-01-17 19:07:23,185 - INFO - Connecting to robot at 192.168.1.99...
2026-01-17 19:07:23,185 - INFO - Connecting to the arm controller's TCP server at 192.168.1.99:50001
2026-01-17 19:07:23,186 - INFO - Connecting to the arm controller's UDP server at 192.168.1.99:50000
2026-01-17 19:07:23,187 - INFO - Driver version: 'v1.9.0'
2026-01-17 19:07:23,188 - INFO - Controller firmware version: 'v1.9.1'
2026-01-17 19:07:23,193 - INFO - Robot connected
2026-01-17 19:07:23,193 - INFO - 
2026-01-17 19:07:23,193 - INFO - Enabling gravity compensation mode...
2026-01-17 19:07:25,697 - INFO - Gravity compensation enabled - you can move robot by hand
2026-01-17 19:07:25,697 - INFO - 
2026-01-17 19:07:25,812 - INFO - Camera started
2026-01-17 19:07:25,813 - INFO - 
2026-01-17 19:07:25,813 - INFO - ================================================================================
2026-01-17 19:07:25,813 - INFO - INSTRUCTIONS:
2026-01-17 19:07:25,813 - INFO - ================================================================================
2026-01-17 19:07:25,813 - INFO - 1. Chessboard is fixed on table
2026-01-17 19:07:25,813 - INFO - 2. MOVE ROBOT BY HAND to position where camera sees board
2026-01-17 19:07:25,813 - INFO - 3. When board is detected (green overlay), press 's'
2026-01-17 19:07:25,813 - INFO - 4. Robot will lock and move gripper center to board center
2026-01-17 19:07:25,813 - INFO - 5. Measure how accurate the position is
2026-01-17 19:07:25,814 - INFO - 
2026-01-17 19:07:25,814 - INFO - Controls:
2026-01-17 19:07:25,814 - INFO -   's' - Lock robot and move to detected board position
2026-01-17 19:07:25,814 - INFO -   ESC - Exit
2026-01-17 19:07:25,814 - INFO - ================================================================================
2026-01-17 19:07:25,814 - INFO - 
