2026-01-18 09:21:16,036 - INFO - ================================================================================
2026-01-18 09:21:16,036 - INFO - HAND-EYE CALIBRATION MULTI-POSE VERIFICATION
2026-01-18 09:21:16,036 - INFO - ================================================================================
2026-01-18 09:21:16,036 - INFO - 
2026-01-18 09:21:16,036 - INFO - Loaded camera intrinsics
2026-01-18 09:21:16,037 - INFO -   Camera matrix: [243.76132 239.9049    1.     ]
2026-01-18 09:21:16,037 - INFO -   Reprojection error: 0.1979 pixels
2026-01-18 09:21:16,037 - INFO - 
2026-01-18 09:21:16,037 - INFO - Loaded hand-eye calibration
2026-01-18 09:21:16,037 - INFO -   Camera offset from gripper: [-0.18471332 -0.01076944 -0.0072815 ] m
2026-01-18 09:21:16,038 - INFO - 
2026-01-18 09:21:16,038 - INFO - Connecting to robot at 192.168.1.99...
2026-01-18 09:21:16,038 - INFO - Connecting to the arm controller's TCP server at 192.168.1.99:50001
2026-01-18 09:21:16,039 - INFO - Connecting to the arm controller's UDP server at 192.168.1.99:50000
2026-01-18 09:21:16,041 - INFO - Driver version: 'v1.9.0'
2026-01-18 09:21:16,041 - INFO - Controller firmware version: 'v1.9.1'
2026-01-18 09:21:16,047 - INFO - Robot connected
2026-01-18 09:21:16,047 - INFO - 
2026-01-18 09:21:16,152 - INFO - Camera started
2026-01-18 09:21:16,152 - INFO - 
2026-01-18 09:21:16,152 - INFO - ================================================================================
2026-01-18 09:21:16,152 - INFO - INSTRUCTIONS:
2026-01-18 09:21:16,152 - INFO - ================================================================================
2026-01-18 09:21:16,152 - INFO - 1. Fix chessboard at KNOWN position on table (don't move it!)
2026-01-18 09:21:16,152 - INFO - 2. Enable gravity compensation - move robot by hand
2026-01-18 09:21:16,152 - INFO - 3. Move to different poses where camera sees board
2026-01-18 09:21:16,153 - INFO - 4. Press 's' to save each pose (collect 5+ poses)
2026-01-18 09:21:16,153 - INFO - 5. Press 'c' to compute calibration error
2026-01-18 09:21:16,153 - INFO - 6. ESC to exit
2026-01-18 09:21:16,153 - INFO - ================================================================================
2026-01-18 09:21:16,153 - INFO - 
2026-01-18 09:21:16,153 - INFO - Enabling gravity compensation mode...
2026-01-18 09:21:18,655 - INFO - Gravity compensation enabled - you can move robot by hand
2026-01-18 09:21:18,655 - INFO - 
